<?xml version="1.0" encoding="UTF-8"?>
<testsuite name="com.newproject.book.web.HelloControllerTest" tests="2" skipped="0" failures="0" errors="0" timestamp="2021-04-30T06:41:38" hostname="USER" time="0.225">
  <properties/>
  <testcase name="sayhello()" classname="com.newproject.book.web.HelloControllerTest" time="0.102"/>
  <testcase name="sayhelloDto()" classname="com.newproject.book.web.HelloControllerTest" time="0.121"/>
  <system-out><![CDATA[2021-04-30 15:41:36.817  INFO 9392 --- [    Test worker] .b.t.a.w.s.WebMvcTestContextBootstrapper : Neither @ContextConfiguration nor @ContextHierarchy found for test class [com.newproject.book.web.HelloControllerTest], using SpringBootContextLoader
2021-04-30 15:41:36.819  INFO 9392 --- [    Test worker] o.s.t.c.support.AbstractContextLoader    : Could not detect default resource locations for test class [com.newproject.book.web.HelloControllerTest]: no resource found for suffixes {-context.xml, Context.groovy}.
2021-04-30 15:41:36.819  INFO 9392 --- [    Test worker] t.c.s.AnnotationConfigContextLoaderUtils : Could not detect default configuration classes for test class [com.newproject.book.web.HelloControllerTest]: HelloControllerTest does not declare any static, non-private, non-final, nested classes annotated with @Configuration.
2021-04-30 15:41:36.843  INFO 9392 --- [    Test worker] .b.t.c.SpringBootTestContextBootstrapper : Found @SpringBootConfiguration com.newproject.book.Application for test class com.newproject.book.web.HelloControllerTest
2021-04-30 15:41:36.845  INFO 9392 --- [    Test worker] .b.t.a.w.s.WebMvcTestContextBootstrapper : Loaded default TestExecutionListener class names from location [META-INF/spring.factories]: [org.springframework.security.test.context.support.WithSecurityContextTestExecutionListener, org.springframework.security.test.context.support.ReactorContextTestExecutionListener, org.springframework.boot.test.autoconfigure.restdocs.RestDocsTestExecutionListener, org.springframework.boot.test.autoconfigure.web.client.MockRestServiceServerResetTestExecutionListener, org.springframework.boot.test.autoconfigure.web.servlet.MockMvcPrintOnlyOnFailureTestExecutionListener, org.springframework.boot.test.autoconfigure.web.servlet.WebDriverTestExecutionListener, org.springframework.boot.test.autoconfigure.webservices.client.MockWebServiceServerTestExecutionListener, org.springframework.boot.test.mock.mockito.MockitoTestExecutionListener, org.springframework.boot.test.mock.mockito.ResetMocksTestExecutionListener, org.springframework.test.context.web.ServletTestExecutionListener, org.springframework.test.context.support.DirtiesContextBeforeModesTestExecutionListener, org.springframework.test.context.support.DependencyInjectionTestExecutionListener, org.springframework.test.context.support.DirtiesContextTestExecutionListener, org.springframework.test.context.transaction.TransactionalTestExecutionListener, org.springframework.test.context.jdbc.SqlScriptsTestExecutionListener, org.springframework.test.context.event.EventPublishingTestExecutionListener]
2021-04-30 15:41:36.846  INFO 9392 --- [    Test worker] .b.t.a.w.s.WebMvcTestContextBootstrapper : Using TestExecutionListeners: [org.springframework.test.context.web.ServletTestExecutionListener@27de9f9d, org.springframework.test.context.support.DirtiesContextBeforeModesTestExecutionListener@72ee86bb, org.springframework.boot.test.mock.mockito.MockitoTestExecutionListener@2ba15537, org.springframework.boot.test.autoconfigure.SpringBootDependencyInjectionTestExecutionListener@18b345e1, org.springframework.test.context.support.DirtiesContextTestExecutionListener@4b42031d, org.springframework.test.context.transaction.TransactionalTestExecutionListener@4d9f8f90, org.springframework.test.context.jdbc.SqlScriptsTestExecutionListener@6cb663f9, org.springframework.security.test.context.support.WithSecurityContextTestExecutionListener@6e28bfc3, org.springframework.test.context.event.EventPublishingTestExecutionListener@352903f0, org.springframework.security.test.context.support.ReactorContextTestExecutionListener@47be9ca, org.springframework.boot.test.autoconfigure.restdocs.RestDocsTestExecutionListener@5b0dfb17, org.springframework.boot.test.autoconfigure.web.client.MockRestServiceServerResetTestExecutionListener@70f08112, org.springframework.boot.test.autoconfigure.web.servlet.MockMvcPrintOnlyOnFailureTestExecutionListener@dbb3a7f, org.springframework.boot.test.autoconfigure.web.servlet.WebDriverTestExecutionListener@56d5b7bb, org.springframework.boot.test.autoconfigure.webservices.client.MockWebServiceServerTestExecutionListener@62342b35, org.springframework.boot.test.mock.mockito.ResetMocksTestExecutionListener@1638ce70]

  .   ____          _            __ _ _
 /\\ / ___'_ __ _ _(_)_ __  __ _ \ \ \ \
( ( )\___ | '_ | '_| | '_ \/ _` | \ \ \ \
 \\/  ___)| |_)| | | | | || (_| |  ) ) ) )
  '  |____| .__|_| |_|_| |_\__, | / / / /
 =========|_|==============|___/=/_/_/_/
 :: Spring Boot ::                (v2.4.1)

2021-04-30 15:41:36.882  INFO 9392 --- [    Test worker] c.n.book.web.HelloControllerTest         : Starting HelloControllerTest using Java 11.0.10 on user with PID 9392 (started by JY in C:\Users\JY\IdeaProjects\newproject)
2021-04-30 15:41:36.882  INFO 9392 --- [    Test worker] c.n.book.web.HelloControllerTest         : The following profiles are active: oauth
2021-04-30 15:41:37.399  INFO 9392 --- [    Test worker] o.s.s.concurrent.ThreadPoolTaskExecutor  : Initializing ExecutorService 'applicationTaskExecutor'
2021-04-30 15:41:37.454  INFO 9392 --- [    Test worker] o.s.b.a.w.s.WelcomePageHandlerMapping    : Adding welcome page template: index
2021-04-30 15:41:37.915  INFO 9392 --- [    Test worker] o.s.s.web.DefaultSecurityFilterChain     : Will secure any request with [org.springframework.security.web.context.request.async.WebAsyncManagerIntegrationFilter@67d5d109, org.springframework.security.web.context.SecurityContextPersistenceFilter@6bae129d, org.springframework.security.web.header.HeaderWriterFilter@6fd1c9a4, org.springframework.security.web.csrf.CsrfFilter@7324a210, org.springframework.security.web.authentication.logout.LogoutFilter@693abcc7, org.springframework.security.oauth2.client.web.OAuth2AuthorizationRequestRedirectFilter@50cb4cee, org.springframework.security.oauth2.client.web.OAuth2AuthorizationRequestRedirectFilter@6e1d62dc, org.springframework.security.oauth2.client.web.OAuth2LoginAuthenticationFilter@6f473a15, org.springframework.security.web.authentication.ui.DefaultLoginPageGeneratingFilter@5c78f751, org.springframework.security.web.authentication.ui.DefaultLogoutPageGeneratingFilter@5e9918dd, org.springframework.security.web.savedrequest.RequestCacheAwareFilter@4cff2110, org.springframework.security.web.servletapi.SecurityContextHolderAwareRequestFilter@2d825dc2, org.springframework.security.web.authentication.AnonymousAuthenticationFilter@39d5d392, org.springframework.security.oauth2.client.web.OAuth2AuthorizationCodeGrantFilter@60bec69f, org.springframework.security.web.session.SessionManagementFilter@77e5047d, org.springframework.security.web.access.ExceptionTranslationFilter@3933c8b0, org.springframework.security.web.access.intercept.FilterSecurityInterceptor@6d37554c]
2021-04-30 15:41:38.049  INFO 9392 --- [    Test worker] o.s.b.t.m.w.SpringBootMockServletContext : Initializing Spring TestDispatcherServlet ''
2021-04-30 15:41:38.049  INFO 9392 --- [    Test worker] o.s.t.web.servlet.TestDispatcherServlet  : Initializing Servlet ''
2021-04-30 15:41:38.050  INFO 9392 --- [    Test worker] o.s.t.web.servlet.TestDispatcherServlet  : Completed initialization in 1 ms
2021-04-30 15:41:38.072  INFO 9392 --- [    Test worker] c.n.book.web.HelloControllerTest         : Started HelloControllerTest in 1.221 seconds (JVM running for 11.782)
]]></system-out>
  <system-err><![CDATA[]]></system-err>
</testsuite>
