<?xml version="1.0" encoding="UTF-8"?>
<testsuite name="com.newproject.book.web.IndexControllerTest" tests="1" skipped="0" failures="0" errors="0" timestamp="2021-04-30T06:32:22" hostname="USER" time="0.217">
  <properties/>
  <testcase name="main_loading()" classname="com.newproject.book.web.IndexControllerTest" time="0.217"/>
  <system-out><![CDATA[2021-04-30 15:32:20.303  INFO 12012 --- [    Test worker] .b.t.c.SpringBootTestContextBootstrapper : Neither @ContextConfiguration nor @ContextHierarchy found for test class [com.newproject.book.web.IndexControllerTest], using SpringBootContextLoader
2021-04-30 15:32:20.304  INFO 12012 --- [    Test worker] o.s.t.c.support.AbstractContextLoader    : Could not detect default resource locations for test class [com.newproject.book.web.IndexControllerTest]: no resource found for suffixes {-context.xml, Context.groovy}.
2021-04-30 15:32:20.305  INFO 12012 --- [    Test worker] t.c.s.AnnotationConfigContextLoaderUtils : Could not detect default configuration classes for test class [com.newproject.book.web.IndexControllerTest]: IndexControllerTest does not declare any static, non-private, non-final, nested classes annotated with @Configuration.
2021-04-30 15:32:20.308  INFO 12012 --- [    Test worker] .b.t.c.SpringBootTestContextBootstrapper : Found @SpringBootConfiguration com.newproject.book.Application for test class com.newproject.book.web.IndexControllerTest
2021-04-30 15:32:20.311  INFO 12012 --- [    Test worker] .b.t.c.SpringBootTestContextBootstrapper : Loaded default TestExecutionListener class names from location [META-INF/spring.factories]: [org.springframework.security.test.context.support.WithSecurityContextTestExecutionListener, org.springframework.security.test.context.support.ReactorContextTestExecutionListener, org.springframework.boot.test.autoconfigure.restdocs.RestDocsTestExecutionListener, org.springframework.boot.test.autoconfigure.web.client.MockRestServiceServerResetTestExecutionListener, org.springframework.boot.test.autoconfigure.web.servlet.MockMvcPrintOnlyOnFailureTestExecutionListener, org.springframework.boot.test.autoconfigure.web.servlet.WebDriverTestExecutionListener, org.springframework.boot.test.autoconfigure.webservices.client.MockWebServiceServerTestExecutionListener, org.springframework.boot.test.mock.mockito.MockitoTestExecutionListener, org.springframework.boot.test.mock.mockito.ResetMocksTestExecutionListener, org.springframework.test.context.web.ServletTestExecutionListener, org.springframework.test.context.support.DirtiesContextBeforeModesTestExecutionListener, org.springframework.test.context.support.DependencyInjectionTestExecutionListener, org.springframework.test.context.support.DirtiesContextTestExecutionListener, org.springframework.test.context.transaction.TransactionalTestExecutionListener, org.springframework.test.context.jdbc.SqlScriptsTestExecutionListener, org.springframework.test.context.event.EventPublishingTestExecutionListener]
2021-04-30 15:32:20.312  INFO 12012 --- [    Test worker] .b.t.c.SpringBootTestContextBootstrapper : Using TestExecutionListeners: [org.springframework.test.context.web.ServletTestExecutionListener@4abadd6e, org.springframework.test.context.support.DirtiesContextBeforeModesTestExecutionListener@626e3fd7, org.springframework.boot.test.mock.mockito.MockitoTestExecutionListener@6248b07f, org.springframework.boot.test.autoconfigure.SpringBootDependencyInjectionTestExecutionListener@5cc08766, org.springframework.test.context.support.DirtiesContextTestExecutionListener@400d603d, org.springframework.test.context.transaction.TransactionalTestExecutionListener@538e7f6c, org.springframework.test.context.jdbc.SqlScriptsTestExecutionListener@7462f62a, org.springframework.security.test.context.support.WithSecurityContextTestExecutionListener@2c41b477, org.springframework.test.context.event.EventPublishingTestExecutionListener@766254a, org.springframework.security.test.context.support.ReactorContextTestExecutionListener@27335fd5, org.springframework.boot.test.autoconfigure.restdocs.RestDocsTestExecutionListener@44833ebf, org.springframework.boot.test.autoconfigure.web.client.MockRestServiceServerResetTestExecutionListener@65c0c854, org.springframework.boot.test.autoconfigure.web.servlet.MockMvcPrintOnlyOnFailureTestExecutionListener@533afdd3, org.springframework.boot.test.autoconfigure.web.servlet.WebDriverTestExecutionListener@6ecadd96, org.springframework.boot.test.autoconfigure.webservices.client.MockWebServiceServerTestExecutionListener@33617036, org.springframework.boot.test.mock.mockito.ResetMocksTestExecutionListener@50809c66]

  .   ____          _            __ _ _
 /\\ / ___'_ __ _ _(_)_ __  __ _ \ \ \ \
( ( )\___ | '_ | '_| | '_ \/ _` | \ \ \ \
 \\/  ___)| |_)| | | | | || (_| |  ) ) ) )
  '  |____| .__|_| |_|_| |_\__, | / / / /
 =========|_|==============|___/=/_/_/_/
 :: Spring Boot ::                (v2.4.1)

2021-04-30 15:32:20.356  INFO 12012 --- [    Test worker] c.n.book.web.IndexControllerTest         : Starting IndexControllerTest using Java 11.0.10 on user with PID 12012 (started by JY in C:\Users\JY\IdeaProjects\newproject)
2021-04-30 15:32:20.356  INFO 12012 --- [    Test worker] c.n.book.web.IndexControllerTest         : The following profiles are active: oauth
2021-04-30 15:32:20.689  INFO 12012 --- [    Test worker] .s.d.r.c.RepositoryConfigurationDelegate : Bootstrapping Spring Data JPA repositories in DEFAULT mode.
2021-04-30 15:32:20.729  INFO 12012 --- [    Test worker] .s.d.r.c.RepositoryConfigurationDelegate : Finished Spring Data repository scanning in 39 ms. Found 2 JPA repository interfaces.
2021-04-30 15:32:21.176  INFO 12012 --- [    Test worker] o.s.b.w.embedded.tomcat.TomcatWebServer  : Tomcat initialized with port(s): 0 (http)
2021-04-30 15:32:21.194  INFO 12012 --- [    Test worker] o.apache.catalina.core.StandardService   : Starting service [Tomcat]
2021-04-30 15:32:21.195  INFO 12012 --- [    Test worker] org.apache.catalina.core.StandardEngine  : Starting Servlet engine: [Apache Tomcat/9.0.41]
2021-04-30 15:32:21.375  INFO 12012 --- [    Test worker] o.a.c.c.C.[Tomcat].[localhost].[/]       : Initializing Spring embedded WebApplicationContext
2021-04-30 15:32:21.375  INFO 12012 --- [    Test worker] w.s.c.ServletWebServerApplicationContext : Root WebApplicationContext: initialization completed in 1013 ms
2021-04-30 15:32:21.421  INFO 12012 --- [    Test worker] com.zaxxer.hikari.HikariDataSource       : HikariPool-2 - Starting...
2021-04-30 15:32:21.424  INFO 12012 --- [    Test worker] com.zaxxer.hikari.HikariDataSource       : HikariPool-2 - Start completed.
2021-04-30 15:32:21.425  INFO 12012 --- [    Test worker] o.s.b.a.h2.H2ConsoleAutoConfiguration    : H2 console available at '/h2-console'. Database available at 'jdbc:h2:mem:8b023f54-04d7-4fbb-a406-58bc9573f6b5'
2021-04-30 15:32:21.608  INFO 12012 --- [    Test worker] o.hibernate.jpa.internal.util.LogHelper  : HHH000204: Processing PersistenceUnitInfo [name: default]
2021-04-30 15:32:21.624  INFO 12012 --- [    Test worker] org.hibernate.dialect.Dialect            : HHH000400: Using dialect: org.hibernate.dialect.H2Dialect
Hibernate: drop table if exists posts CASCADE 
Hibernate: drop table if exists user CASCADE 
Hibernate: create table posts (id bigint generated by default as identity, created_date timestamp, modified_date timestamp, author varchar(255), content TEXT not null, title varchar(500) not null, primary key (id))
Hibernate: create table user (id bigint generated by default as identity, created_date timestamp, modified_date timestamp, email varchar(255) not null, name varchar(255) not null, picture varchar(255), role varchar(255) not null, primary key (id))
2021-04-30 15:32:21.692  INFO 12012 --- [    Test worker] o.h.e.t.j.p.i.JtaPlatformInitiator       : HHH000490: Using JtaPlatform implementation: [org.hibernate.engine.transaction.jta.platform.internal.NoJtaPlatform]
2021-04-30 15:32:21.693  INFO 12012 --- [    Test worker] j.LocalContainerEntityManagerFactoryBean : Initialized JPA EntityManagerFactory for persistence unit 'default'
2021-04-30 15:32:21.985  WARN 12012 --- [    Test worker] JpaBaseConfiguration$JpaWebConfiguration : spring.jpa.open-in-view is enabled by default. Therefore, database queries may be performed during view rendering. Explicitly configure spring.jpa.open-in-view to disable this warning
2021-04-30 15:32:22.288  INFO 12012 --- [    Test worker] o.s.s.web.DefaultSecurityFilterChain     : Will secure any request with [org.springframework.security.web.context.request.async.WebAsyncManagerIntegrationFilter@57c0ed3f, org.springframework.security.web.context.SecurityContextPersistenceFilter@572a840, org.springframework.security.web.header.HeaderWriterFilter@7891b375, org.springframework.security.web.authentication.logout.LogoutFilter@35820598, org.springframework.security.oauth2.client.web.OAuth2AuthorizationRequestRedirectFilter@6e4093bd, org.springframework.security.oauth2.client.web.OAuth2LoginAuthenticationFilter@2059781c, org.springframework.security.web.authentication.ui.DefaultLoginPageGeneratingFilter@38c6e621, org.springframework.security.web.authentication.ui.DefaultLogoutPageGeneratingFilter@73f08566, org.springframework.security.web.savedrequest.RequestCacheAwareFilter@40bbb855, org.springframework.security.web.servletapi.SecurityContextHolderAwareRequestFilter@35c4a12c, org.springframework.security.web.authentication.AnonymousAuthenticationFilter@19c73dde, org.springframework.security.web.session.SessionManagementFilter@49b896fb, org.springframework.security.web.access.ExceptionTranslationFilter@28ada427, org.springframework.security.web.access.intercept.FilterSecurityInterceptor@36e25ec7]
2021-04-30 15:32:22.463  INFO 12012 --- [    Test worker] o.s.s.concurrent.ThreadPoolTaskExecutor  : Initializing ExecutorService 'applicationTaskExecutor'
2021-04-30 15:32:22.506  INFO 12012 --- [    Test worker] o.s.b.a.w.s.WelcomePageHandlerMapping    : Adding welcome page template: index
2021-04-30 15:32:22.832  INFO 12012 --- [    Test worker] o.s.b.w.embedded.tomcat.TomcatWebServer  : Tomcat started on port(s): 55378 (http) with context path ''
2021-04-30 15:32:22.835  INFO 12012 --- [    Test worker] s.a.ScheduledAnnotationBeanPostProcessor : No TaskScheduler/ScheduledExecutorService bean found for scheduled processing
2021-04-30 15:32:22.836  INFO 12012 --- [    Test worker] c.n.book.web.IndexControllerTest         : Started IndexControllerTest in 2.521 seconds (JVM running for 14.637)
2021-04-30 15:32:22.968  INFO 12012 --- [o-auto-1-exec-1] o.a.c.c.C.[Tomcat].[localhost].[/]       : Initializing Spring DispatcherServlet 'dispatcherServlet'
2021-04-30 15:32:22.969  INFO 12012 --- [o-auto-1-exec-1] o.s.web.servlet.DispatcherServlet        : Initializing Servlet 'dispatcherServlet'
2021-04-30 15:32:22.969  INFO 12012 --- [o-auto-1-exec-1] o.s.web.servlet.DispatcherServlet        : Completed initialization in 0 ms
Hibernate: select posts0_.id as id1_0_, posts0_.created_date as created_2_0_, posts0_.modified_date as modified3_0_, posts0_.author as author4_0_, posts0_.content as content5_0_, posts0_.title as title6_0_ from posts posts0_ order by posts0_.id desc
]]></system-out>
  <system-err><![CDATA[]]></system-err>
</testsuite>
