<?xml version="1.0" encoding="UTF-8"?>
<testsuite name="com.newproject.book.domain.posts.PostsRepositoryTest" tests="2" skipped="0" failures="0" errors="0" timestamp="2021-04-29T04:03:54" hostname="USER" time="0.251">
  <properties/>
  <testcase name="BaseTimeEntity_set" classname="com.newproject.book.domain.posts.PostsRepositoryTest" time="0.234"/>
  <testcase name="post_list" classname="com.newproject.book.domain.posts.PostsRepositoryTest" time="0.016"/>
  <system-out><![CDATA[2021-04-29 13:03:49.261  INFO 7928 --- [    Test worker] .b.t.c.SpringBootTestContextBootstrapper : Neither @ContextConfiguration nor @ContextHierarchy found for test class [com.newproject.book.domain.posts.PostsRepositoryTest], using SpringBootContextLoader
2021-04-29 13:03:49.263  INFO 7928 --- [    Test worker] o.s.t.c.support.AbstractContextLoader    : Could not detect default resource locations for test class [com.newproject.book.domain.posts.PostsRepositoryTest]: no resource found for suffixes {-context.xml, Context.groovy}.
2021-04-29 13:03:49.263  INFO 7928 --- [    Test worker] t.c.s.AnnotationConfigContextLoaderUtils : Could not detect default configuration classes for test class [com.newproject.book.domain.posts.PostsRepositoryTest]: PostsRepositoryTest does not declare any static, non-private, non-final, nested classes annotated with @Configuration.
2021-04-29 13:03:49.273  INFO 7928 --- [    Test worker] .b.t.c.SpringBootTestContextBootstrapper : Found @SpringBootConfiguration com.newproject.book.Application for test class com.newproject.book.domain.posts.PostsRepositoryTest
2021-04-29 13:03:49.276  INFO 7928 --- [    Test worker] .b.t.c.SpringBootTestContextBootstrapper : Loaded default TestExecutionListener class names from location [META-INF/spring.factories]: [org.springframework.security.test.context.support.WithSecurityContextTestExecutionListener, org.springframework.security.test.context.support.ReactorContextTestExecutionListener, org.springframework.boot.test.autoconfigure.restdocs.RestDocsTestExecutionListener, org.springframework.boot.test.autoconfigure.web.client.MockRestServiceServerResetTestExecutionListener, org.springframework.boot.test.autoconfigure.web.servlet.MockMvcPrintOnlyOnFailureTestExecutionListener, org.springframework.boot.test.autoconfigure.web.servlet.WebDriverTestExecutionListener, org.springframework.boot.test.mock.mockito.MockitoTestExecutionListener, org.springframework.boot.test.mock.mockito.ResetMocksTestExecutionListener, org.springframework.test.context.web.ServletTestExecutionListener, org.springframework.test.context.support.DirtiesContextBeforeModesTestExecutionListener, org.springframework.test.context.support.DependencyInjectionTestExecutionListener, org.springframework.test.context.support.DirtiesContextTestExecutionListener, org.springframework.test.context.transaction.TransactionalTestExecutionListener, org.springframework.test.context.jdbc.SqlScriptsTestExecutionListener]
2021-04-29 13:03:49.277  INFO 7928 --- [    Test worker] .b.t.c.SpringBootTestContextBootstrapper : Using TestExecutionListeners: [org.springframework.test.context.web.ServletTestExecutionListener@3c1ffba4, org.springframework.test.context.support.DirtiesContextBeforeModesTestExecutionListener@615480be, org.springframework.boot.test.mock.mockito.MockitoTestExecutionListener@58baa249, org.springframework.boot.test.autoconfigure.SpringBootDependencyInjectionTestExecutionListener@1f040027, org.springframework.test.context.support.DirtiesContextTestExecutionListener@5c851ab8, org.springframework.test.context.transaction.TransactionalTestExecutionListener@199130e6, org.springframework.test.context.jdbc.SqlScriptsTestExecutionListener@14347177, org.springframework.security.test.context.support.WithSecurityContextTestExecutionListener@2b0e4eee, org.springframework.security.test.context.support.ReactorContextTestExecutionListener@5f2ac1ed, org.springframework.boot.test.autoconfigure.restdocs.RestDocsTestExecutionListener@4facdcee, org.springframework.boot.test.autoconfigure.web.client.MockRestServiceServerResetTestExecutionListener@78a4b3a5, org.springframework.boot.test.autoconfigure.web.servlet.MockMvcPrintOnlyOnFailureTestExecutionListener@2184fb61, org.springframework.boot.test.autoconfigure.web.servlet.WebDriverTestExecutionListener@28a87315, org.springframework.boot.test.mock.mockito.ResetMocksTestExecutionListener@14a9142]

  .   ____          _            __ _ _
 /\\ / ___'_ __ _ _(_)_ __  __ _ \ \ \ \
( ( )\___ | '_ | '_| | '_ \/ _` | \ \ \ \
 \\/  ___)| |_)| | | | | || (_| |  ) ) ) )
  '  |____| .__|_| |_|_| |_\__, | / / / /
 =========|_|==============|___/=/_/_/_/
 :: Spring Boot ::        (v2.1.7.RELEASE)

2021-04-29 13:03:49.336  INFO 7928 --- [    Test worker] c.n.b.domain.posts.PostsRepositoryTest   : Starting PostsRepositoryTest on user with PID 7928 (started by JY in C:\Users\JY\IdeaProjects\newproject)
2021-04-29 13:03:49.336  INFO 7928 --- [    Test worker] c.n.b.domain.posts.PostsRepositoryTest   : The following profiles are active: oauth
2021-04-29 13:03:49.884  INFO 7928 --- [    Test worker] .s.d.r.c.RepositoryConfigurationDelegate : Bootstrapping Spring Data repositories in DEFAULT mode.
2021-04-29 13:03:49.976  INFO 7928 --- [    Test worker] .s.d.r.c.RepositoryConfigurationDelegate : Finished Spring Data repository scanning in 81ms. Found 2 repository interfaces.
2021-04-29 13:03:50.307  INFO 7928 --- [    Test worker] trationDelegate$BeanPostProcessorChecker : Bean 'org.springframework.transaction.annotation.ProxyTransactionManagementConfiguration' of type [org.springframework.transaction.annotation.ProxyTransactionManagementConfiguration$$EnhancerBySpringCGLIB$$7b8967cf] is not eligible for getting processed by all BeanPostProcessors (for example: not eligible for auto-proxying)
2021-04-29 13:03:50.528  INFO 7928 --- [    Test worker] com.zaxxer.hikari.HikariDataSource       : HikariPool-1 - Starting...
2021-04-29 13:03:50.837  INFO 7928 --- [    Test worker] com.zaxxer.hikari.HikariDataSource       : HikariPool-1 - Start completed.
2021-04-29 13:03:50.985  INFO 7928 --- [    Test worker] o.hibernate.jpa.internal.util.LogHelper  : HHH000204: Processing PersistenceUnitInfo [
	name: default
	...]
2021-04-29 13:03:51.105  INFO 7928 --- [    Test worker] org.hibernate.Version                    : HHH000412: Hibernate Core {5.3.10.Final}
2021-04-29 13:03:51.108  INFO 7928 --- [    Test worker] org.hibernate.cfg.Environment            : HHH000206: hibernate.properties not found
2021-04-29 13:03:51.185  INFO 7928 --- [    Test worker] o.hibernate.annotations.common.Version   : HCANN000001: Hibernate Commons Annotations {5.0.4.Final}
2021-04-29 13:03:51.463  INFO 7928 --- [    Test worker] org.hibernate.dialect.Dialect            : HHH000400: Using dialect: org.hibernate.dialect.H2Dialect
Hibernate: drop table posts if exists
Hibernate: drop table user if exists
Hibernate: create table posts (id bigint generated by default as identity, created_date timestamp, modified_date timestamp, author varchar(255), content TEXT not null, title varchar(500) not null, primary key (id))
Hibernate: create table user (id bigint generated by default as identity, created_date timestamp, modified_date timestamp, email varchar(255) not null, name varchar(255) not null, picture varchar(255), role varchar(255) not null, primary key (id))
2021-04-29 13:03:52.325  INFO 7928 --- [    Test worker] o.h.t.schema.internal.SchemaCreatorImpl  : HHH000476: Executing import script 'org.hibernate.tool.schema.internal.exec.ScriptSourceInputNonExistentImpl@17127452'
2021-04-29 13:03:52.330  INFO 7928 --- [    Test worker] j.LocalContainerEntityManagerFactoryBean : Initialized JPA EntityManagerFactory for persistence unit 'default'
2021-04-29 13:03:53.077  INFO 7928 --- [    Test worker] o.h.h.i.QueryTranslatorFactoryInitiator  : HHH000397: Using ASTQueryTranslatorFactory
2021-04-29 13:03:53.563  INFO 7928 --- [    Test worker] o.s.s.web.DefaultSecurityFilterChain     : Creating filter chain: any request, [org.springframework.security.web.context.request.async.WebAsyncManagerIntegrationFilter@1bac7ba5, org.springframework.security.web.context.SecurityContextPersistenceFilter@588831ad, org.springframework.security.web.header.HeaderWriterFilter@1b57d596, org.springframework.security.web.authentication.logout.LogoutFilter@2aa53742, org.springframework.security.oauth2.client.web.OAuth2AuthorizationRequestRedirectFilter@72a33be9, org.springframework.security.oauth2.client.web.OAuth2LoginAuthenticationFilter@7d80ff71, org.springframework.security.web.authentication.ui.DefaultLoginPageGeneratingFilter@33b96dc1, org.springframework.security.web.authentication.ui.DefaultLogoutPageGeneratingFilter@2ec1b1ce, org.springframework.security.web.savedrequest.RequestCacheAwareFilter@2ae5ef75, org.springframework.security.web.servletapi.SecurityContextHolderAwareRequestFilter@fbb64da, org.springframework.security.web.authentication.AnonymousAuthenticationFilter@31c39661, org.springframework.security.web.session.SessionManagementFilter@7b08e6da, org.springframework.security.web.access.ExceptionTranslationFilter@280b5283, org.springframework.security.web.access.intercept.FilterSecurityInterceptor@264846b]
2021-04-29 13:03:54.075  INFO 7928 --- [    Test worker] o.s.s.concurrent.ThreadPoolTaskExecutor  : Initializing ExecutorService 'applicationTaskExecutor'
2021-04-29 13:03:54.094  WARN 7928 --- [    Test worker] aWebConfiguration$JpaWebMvcConfiguration : spring.jpa.open-in-view is enabled by default. Therefore, database queries may be performed during view rendering. Explicitly configure spring.jpa.open-in-view to disable this warning
2021-04-29 13:03:54.145  INFO 7928 --- [    Test worker] o.s.b.a.w.s.WelcomePageHandlerMapping    : Adding welcome page template: index
2021-04-29 13:03:54.806  INFO 7928 --- [    Test worker] s.a.ScheduledAnnotationBeanPostProcessor : No TaskScheduler/ScheduledExecutorService bean found for scheduled processing
2021-04-29 13:03:54.816  INFO 7928 --- [    Test worker] c.n.b.domain.posts.PostsRepositoryTest   : Started PostsRepositoryTest in 5.537 seconds (JVM running for 11.036)
Hibernate: insert into posts (id, created_date, modified_date, author, content, title) values (null, ?, ?, ?, ?, ?)
Hibernate: select posts0_.id as id1_0_, posts0_.created_date as created_2_0_, posts0_.modified_date as modified3_0_, posts0_.author as author4_0_, posts0_.content as content5_0_, posts0_.title as title6_0_ from posts posts0_
>>>>>>>>> create Date : 2021-04-29T13:03:54.898854 modifiedDate : 2021-04-29T13:03:54.898854
Hibernate: select posts0_.id as id1_0_, posts0_.created_date as created_2_0_, posts0_.modified_date as modified3_0_, posts0_.author as author4_0_, posts0_.content as content5_0_, posts0_.title as title6_0_ from posts posts0_
Hibernate: delete from posts where id=?
Hibernate: insert into posts (id, created_date, modified_date, author, content, title) values (null, ?, ?, ?, ?, ?)
Hibernate: select posts0_.id as id1_0_, posts0_.created_date as created_2_0_, posts0_.modified_date as modified3_0_, posts0_.author as author4_0_, posts0_.content as content5_0_, posts0_.title as title6_0_ from posts posts0_
Hibernate: select posts0_.id as id1_0_, posts0_.created_date as created_2_0_, posts0_.modified_date as modified3_0_, posts0_.author as author4_0_, posts0_.content as content5_0_, posts0_.title as title6_0_ from posts posts0_
Hibernate: delete from posts where id=?
]]></system-out>
  <system-err><![CDATA[]]></system-err>
</testsuite>
