<?xml version="1.0" encoding="UTF-8"?>
<testsuite name="com.newproject.book.web.IndexControllerTest" tests="1" skipped="0" failures="0" errors="0" timestamp="2021-04-29T04:03:57" hostname="USER" time="0.231">
  <properties/>
  <testcase name="main_loading" classname="com.newproject.book.web.IndexControllerTest" time="0.231"/>
  <system-out><![CDATA[2021-04-29 13:03:55.082  INFO 7928 --- [    Test worker] .b.t.c.SpringBootTestContextBootstrapper : Neither @ContextConfiguration nor @ContextHierarchy found for test class [com.newproject.book.web.IndexControllerTest], using SpringBootContextLoader
2021-04-29 13:03:55.084  INFO 7928 --- [    Test worker] o.s.t.c.support.AbstractContextLoader    : Could not detect default resource locations for test class [com.newproject.book.web.IndexControllerTest]: no resource found for suffixes {-context.xml, Context.groovy}.
2021-04-29 13:03:55.084  INFO 7928 --- [    Test worker] t.c.s.AnnotationConfigContextLoaderUtils : Could not detect default configuration classes for test class [com.newproject.book.web.IndexControllerTest]: IndexControllerTest does not declare any static, non-private, non-final, nested classes annotated with @Configuration.
2021-04-29 13:03:55.085  INFO 7928 --- [    Test worker] .b.t.c.SpringBootTestContextBootstrapper : Found @SpringBootConfiguration com.newproject.book.Application for test class com.newproject.book.web.IndexControllerTest
2021-04-29 13:03:55.087  INFO 7928 --- [    Test worker] .b.t.c.SpringBootTestContextBootstrapper : Loaded default TestExecutionListener class names from location [META-INF/spring.factories]: [org.springframework.security.test.context.support.WithSecurityContextTestExecutionListener, org.springframework.security.test.context.support.ReactorContextTestExecutionListener, org.springframework.boot.test.autoconfigure.restdocs.RestDocsTestExecutionListener, org.springframework.boot.test.autoconfigure.web.client.MockRestServiceServerResetTestExecutionListener, org.springframework.boot.test.autoconfigure.web.servlet.MockMvcPrintOnlyOnFailureTestExecutionListener, org.springframework.boot.test.autoconfigure.web.servlet.WebDriverTestExecutionListener, org.springframework.boot.test.mock.mockito.MockitoTestExecutionListener, org.springframework.boot.test.mock.mockito.ResetMocksTestExecutionListener, org.springframework.test.context.web.ServletTestExecutionListener, org.springframework.test.context.support.DirtiesContextBeforeModesTestExecutionListener, org.springframework.test.context.support.DependencyInjectionTestExecutionListener, org.springframework.test.context.support.DirtiesContextTestExecutionListener, org.springframework.test.context.transaction.TransactionalTestExecutionListener, org.springframework.test.context.jdbc.SqlScriptsTestExecutionListener]
2021-04-29 13:03:55.088  INFO 7928 --- [    Test worker] .b.t.c.SpringBootTestContextBootstrapper : Using TestExecutionListeners: [org.springframework.test.context.web.ServletTestExecutionListener@483659eb, org.springframework.test.context.support.DirtiesContextBeforeModesTestExecutionListener@2f0d753d, org.springframework.boot.test.mock.mockito.MockitoTestExecutionListener@57aa3c56, org.springframework.boot.test.autoconfigure.SpringBootDependencyInjectionTestExecutionListener@5350ac31, org.springframework.test.context.support.DirtiesContextTestExecutionListener@29d35eb1, org.springframework.test.context.transaction.TransactionalTestExecutionListener@6d33622b, org.springframework.test.context.jdbc.SqlScriptsTestExecutionListener@6bfdab57, org.springframework.security.test.context.support.WithSecurityContextTestExecutionListener@3d1aa33d, org.springframework.security.test.context.support.ReactorContextTestExecutionListener@e8f54f9, org.springframework.boot.test.autoconfigure.restdocs.RestDocsTestExecutionListener@785b5d39, org.springframework.boot.test.autoconfigure.web.client.MockRestServiceServerResetTestExecutionListener@7efae676, org.springframework.boot.test.autoconfigure.web.servlet.MockMvcPrintOnlyOnFailureTestExecutionListener@1611a1df, org.springframework.boot.test.autoconfigure.web.servlet.WebDriverTestExecutionListener@62cd0778, org.springframework.boot.test.mock.mockito.ResetMocksTestExecutionListener@40dd2c8d]

  .   ____          _            __ _ _
 /\\ / ___'_ __ _ _(_)_ __  __ _ \ \ \ \
( ( )\___ | '_ | '_| | '_ \/ _` | \ \ \ \
 \\/  ___)| |_)| | | | | || (_| |  ) ) ) )
  '  |____| .__|_| |_|_| |_\__, | / / / /
 =========|_|==============|___/=/_/_/_/
 :: Spring Boot ::        (v2.1.7.RELEASE)

2021-04-29 13:03:55.151  INFO 7928 --- [    Test worker] c.n.book.web.IndexControllerTest         : Starting IndexControllerTest on user with PID 7928 (started by JY in C:\Users\JY\IdeaProjects\newproject)
2021-04-29 13:03:55.151  INFO 7928 --- [    Test worker] c.n.book.web.IndexControllerTest         : The following profiles are active: oauth
2021-04-29 13:03:55.488  INFO 7928 --- [    Test worker] .s.d.r.c.RepositoryConfigurationDelegate : Bootstrapping Spring Data repositories in DEFAULT mode.
2021-04-29 13:03:55.527  INFO 7928 --- [    Test worker] .s.d.r.c.RepositoryConfigurationDelegate : Finished Spring Data repository scanning in 38ms. Found 2 repository interfaces.
2021-04-29 13:03:55.650  INFO 7928 --- [    Test worker] trationDelegate$BeanPostProcessorChecker : Bean 'org.springframework.transaction.annotation.ProxyTransactionManagementConfiguration' of type [org.springframework.transaction.annotation.ProxyTransactionManagementConfiguration$$EnhancerBySpringCGLIB$$7b8967cf] is not eligible for getting processed by all BeanPostProcessors (for example: not eligible for auto-proxying)
2021-04-29 13:03:55.955  INFO 7928 --- [    Test worker] o.s.b.w.embedded.tomcat.TomcatWebServer  : Tomcat initialized with port(s): 0 (http)
2021-04-29 13:03:55.994  INFO 7928 --- [    Test worker] o.apache.catalina.core.StandardService   : Starting service [Tomcat]
2021-04-29 13:03:55.995  INFO 7928 --- [    Test worker] org.apache.catalina.core.StandardEngine  : Starting Servlet engine: [Apache Tomcat/9.0.22]
2021-04-29 13:03:56.224  INFO 7928 --- [    Test worker] o.a.c.c.C.[Tomcat].[localhost].[/]       : Initializing Spring embedded WebApplicationContext
2021-04-29 13:03:56.224  INFO 7928 --- [    Test worker] o.s.web.context.ContextLoader            : Root WebApplicationContext: initialization completed in 1068 ms
2021-04-29 13:03:56.437  INFO 7928 --- [    Test worker] com.zaxxer.hikari.HikariDataSource       : HikariPool-2 - Starting...
2021-04-29 13:03:56.439  INFO 7928 --- [    Test worker] com.zaxxer.hikari.HikariDataSource       : HikariPool-2 - Start completed.
2021-04-29 13:03:56.493  INFO 7928 --- [    Test worker] o.hibernate.jpa.internal.util.LogHelper  : HHH000204: Processing PersistenceUnitInfo [
	name: default
	...]
2021-04-29 13:03:56.512  INFO 7928 --- [    Test worker] org.hibernate.dialect.Dialect            : HHH000400: Using dialect: org.hibernate.dialect.H2Dialect
Hibernate: drop table posts if exists
Hibernate: drop table user if exists
Hibernate: create table posts (id bigint generated by default as identity, created_date timestamp, modified_date timestamp, author varchar(255), content TEXT not null, title varchar(500) not null, primary key (id))
Hibernate: create table user (id bigint generated by default as identity, created_date timestamp, modified_date timestamp, email varchar(255) not null, name varchar(255) not null, picture varchar(255), role varchar(255) not null, primary key (id))
2021-04-29 13:03:56.587  INFO 7928 --- [    Test worker] o.h.t.schema.internal.SchemaCreatorImpl  : HHH000476: Executing import script 'org.hibernate.tool.schema.internal.exec.ScriptSourceInputNonExistentImpl@17127452'
2021-04-29 13:03:56.587  INFO 7928 --- [    Test worker] j.LocalContainerEntityManagerFactoryBean : Initialized JPA EntityManagerFactory for persistence unit 'default'
2021-04-29 13:03:56.996  INFO 7928 --- [    Test worker] o.h.h.i.QueryTranslatorFactoryInitiator  : HHH000397: Using ASTQueryTranslatorFactory
2021-04-29 13:03:57.167  INFO 7928 --- [    Test worker] o.s.s.web.DefaultSecurityFilterChain     : Creating filter chain: any request, [org.springframework.security.web.context.request.async.WebAsyncManagerIntegrationFilter@16a89ee, org.springframework.security.web.context.SecurityContextPersistenceFilter@254b1141, org.springframework.security.web.header.HeaderWriterFilter@2799a769, org.springframework.security.web.authentication.logout.LogoutFilter@7de6ef36, org.springframework.security.oauth2.client.web.OAuth2AuthorizationRequestRedirectFilter@22e20fa7, org.springframework.security.oauth2.client.web.OAuth2LoginAuthenticationFilter@3791e7aa, org.springframework.security.web.authentication.ui.DefaultLoginPageGeneratingFilter@5a3765, org.springframework.security.web.authentication.ui.DefaultLogoutPageGeneratingFilter@7a5094ba, org.springframework.security.web.savedrequest.RequestCacheAwareFilter@4230763a, org.springframework.security.web.servletapi.SecurityContextHolderAwareRequestFilter@287823fa, org.springframework.security.web.authentication.AnonymousAuthenticationFilter@487d2360, org.springframework.security.web.session.SessionManagementFilter@1a16438b, org.springframework.security.web.access.ExceptionTranslationFilter@4b25972d, org.springframework.security.web.access.intercept.FilterSecurityInterceptor@7c60e435]
2021-04-29 13:03:57.388  INFO 7928 --- [    Test worker] o.s.s.concurrent.ThreadPoolTaskExecutor  : Initializing ExecutorService 'applicationTaskExecutor'
2021-04-29 13:03:57.402  WARN 7928 --- [    Test worker] aWebConfiguration$JpaWebMvcConfiguration : spring.jpa.open-in-view is enabled by default. Therefore, database queries may be performed during view rendering. Explicitly configure spring.jpa.open-in-view to disable this warning
2021-04-29 13:03:57.434  INFO 7928 --- [    Test worker] o.s.b.a.w.s.WelcomePageHandlerMapping    : Adding welcome page template: index
2021-04-29 13:03:57.825  INFO 7928 --- [    Test worker] s.a.ScheduledAnnotationBeanPostProcessor : No TaskScheduler/ScheduledExecutorService bean found for scheduled processing
2021-04-29 13:03:57.849  INFO 7928 --- [    Test worker] o.s.b.w.embedded.tomcat.TomcatWebServer  : Tomcat started on port(s): 62684 (http) with context path ''
2021-04-29 13:03:57.850  INFO 7928 --- [    Test worker] c.n.book.web.IndexControllerTest         : Started IndexControllerTest in 2.76 seconds (JVM running for 14.071)
2021-04-29 13:03:57.969  INFO 7928 --- [o-auto-1-exec-1] o.a.c.c.C.[Tomcat].[localhost].[/]       : Initializing Spring DispatcherServlet 'dispatcherServlet'
2021-04-29 13:03:57.969  INFO 7928 --- [o-auto-1-exec-1] o.s.web.servlet.DispatcherServlet        : Initializing Servlet 'dispatcherServlet'
2021-04-29 13:03:57.993  INFO 7928 --- [o-auto-1-exec-1] o.s.web.servlet.DispatcherServlet        : Completed initialization in 23 ms
Hibernate: select posts0_.id as id1_0_, posts0_.created_date as created_2_0_, posts0_.modified_date as modified3_0_, posts0_.author as author4_0_, posts0_.content as content5_0_, posts0_.title as title6_0_ from posts posts0_ order by posts0_.id desc
]]></system-out>
  <system-err><![CDATA[]]></system-err>
</testsuite>
