<?xml version="1.0" encoding="UTF-8"?>
<testsuite name="com.newproject.book.web.HelloControllerTest" tests="2" skipped="0" failures="0" errors="0" timestamp="2021-04-30T06:32:20" hostname="USER" time="0.261">
  <properties/>
  <testcase name="sayhello()" classname="com.newproject.book.web.HelloControllerTest" time="0.135"/>
  <testcase name="sayhelloDto()" classname="com.newproject.book.web.HelloControllerTest" time="0.125"/>
  <system-out><![CDATA[2021-04-30 15:32:18.764  INFO 12012 --- [    Test worker] .b.t.a.w.s.WebMvcTestContextBootstrapper : Neither @ContextConfiguration nor @ContextHierarchy found for test class [com.newproject.book.web.HelloControllerTest], using SpringBootContextLoader
2021-04-30 15:32:18.766  INFO 12012 --- [    Test worker] o.s.t.c.support.AbstractContextLoader    : Could not detect default resource locations for test class [com.newproject.book.web.HelloControllerTest]: no resource found for suffixes {-context.xml, Context.groovy}.
2021-04-30 15:32:18.766  INFO 12012 --- [    Test worker] t.c.s.AnnotationConfigContextLoaderUtils : Could not detect default configuration classes for test class [com.newproject.book.web.HelloControllerTest]: HelloControllerTest does not declare any static, non-private, non-final, nested classes annotated with @Configuration.
2021-04-30 15:32:18.799  INFO 12012 --- [    Test worker] .b.t.c.SpringBootTestContextBootstrapper : Found @SpringBootConfiguration com.newproject.book.Application for test class com.newproject.book.web.HelloControllerTest
2021-04-30 15:32:18.800  INFO 12012 --- [    Test worker] .b.t.a.w.s.WebMvcTestContextBootstrapper : Loaded default TestExecutionListener class names from location [META-INF/spring.factories]: [org.springframework.security.test.context.support.WithSecurityContextTestExecutionListener, org.springframework.security.test.context.support.ReactorContextTestExecutionListener, org.springframework.boot.test.autoconfigure.restdocs.RestDocsTestExecutionListener, org.springframework.boot.test.autoconfigure.web.client.MockRestServiceServerResetTestExecutionListener, org.springframework.boot.test.autoconfigure.web.servlet.MockMvcPrintOnlyOnFailureTestExecutionListener, org.springframework.boot.test.autoconfigure.web.servlet.WebDriverTestExecutionListener, org.springframework.boot.test.autoconfigure.webservices.client.MockWebServiceServerTestExecutionListener, org.springframework.boot.test.mock.mockito.MockitoTestExecutionListener, org.springframework.boot.test.mock.mockito.ResetMocksTestExecutionListener, org.springframework.test.context.web.ServletTestExecutionListener, org.springframework.test.context.support.DirtiesContextBeforeModesTestExecutionListener, org.springframework.test.context.support.DependencyInjectionTestExecutionListener, org.springframework.test.context.support.DirtiesContextTestExecutionListener, org.springframework.test.context.transaction.TransactionalTestExecutionListener, org.springframework.test.context.jdbc.SqlScriptsTestExecutionListener, org.springframework.test.context.event.EventPublishingTestExecutionListener]
2021-04-30 15:32:18.802  INFO 12012 --- [    Test worker] .b.t.a.w.s.WebMvcTestContextBootstrapper : Using TestExecutionListeners: [org.springframework.test.context.web.ServletTestExecutionListener@ba76960, org.springframework.test.context.support.DirtiesContextBeforeModesTestExecutionListener@7304baa9, org.springframework.boot.test.mock.mockito.MockitoTestExecutionListener@7bc05c07, org.springframework.boot.test.autoconfigure.SpringBootDependencyInjectionTestExecutionListener@14d87b07, org.springframework.test.context.support.DirtiesContextTestExecutionListener@2484fc95, org.springframework.test.context.transaction.TransactionalTestExecutionListener@7203cb5e, org.springframework.test.context.jdbc.SqlScriptsTestExecutionListener@b5a917d, org.springframework.security.test.context.support.WithSecurityContextTestExecutionListener@5c8dc352, org.springframework.test.context.event.EventPublishingTestExecutionListener@5f6efc02, org.springframework.security.test.context.support.ReactorContextTestExecutionListener@33db858a, org.springframework.boot.test.autoconfigure.restdocs.RestDocsTestExecutionListener@6c552bf5, org.springframework.boot.test.autoconfigure.web.client.MockRestServiceServerResetTestExecutionListener@5ef0e27e, org.springframework.boot.test.autoconfigure.web.servlet.MockMvcPrintOnlyOnFailureTestExecutionListener@76d68b4e, org.springframework.boot.test.autoconfigure.web.servlet.WebDriverTestExecutionListener@19ceb7cb, org.springframework.boot.test.autoconfigure.webservices.client.MockWebServiceServerTestExecutionListener@5c013d84, org.springframework.boot.test.mock.mockito.ResetMocksTestExecutionListener@53bd768]

  .   ____          _            __ _ _
 /\\ / ___'_ __ _ _(_)_ __  __ _ \ \ \ \
( ( )\___ | '_ | '_| | '_ \/ _` | \ \ \ \
 \\/  ___)| |_)| | | | | || (_| |  ) ) ) )
  '  |____| .__|_| |_|_| |_\__, | / / / /
 =========|_|==============|___/=/_/_/_/
 :: Spring Boot ::                (v2.4.1)

2021-04-30 15:32:18.853  INFO 12012 --- [    Test worker] c.n.book.web.HelloControllerTest         : Starting HelloControllerTest using Java 11.0.10 on user with PID 12012 (started by JY in C:\Users\JY\IdeaProjects\newproject)
2021-04-30 15:32:18.853  INFO 12012 --- [    Test worker] c.n.book.web.HelloControllerTest         : The following profiles are active: oauth
2021-04-30 15:32:19.415  INFO 12012 --- [    Test worker] o.s.s.concurrent.ThreadPoolTaskExecutor  : Initializing ExecutorService 'applicationTaskExecutor'
2021-04-30 15:32:19.463  INFO 12012 --- [    Test worker] o.s.b.a.w.s.WelcomePageHandlerMapping    : Adding welcome page template: index
2021-04-30 15:32:19.886  INFO 12012 --- [    Test worker] o.s.s.web.DefaultSecurityFilterChain     : Will secure any request with [org.springframework.security.web.context.request.async.WebAsyncManagerIntegrationFilter@ab65010, org.springframework.security.web.context.SecurityContextPersistenceFilter@5bb06895, org.springframework.security.web.header.HeaderWriterFilter@22e10948, org.springframework.security.web.csrf.CsrfFilter@4c0ad22f, org.springframework.security.web.authentication.logout.LogoutFilter@1961bfc1, org.springframework.security.oauth2.client.web.OAuth2AuthorizationRequestRedirectFilter@35ff6f65, org.springframework.security.oauth2.client.web.OAuth2AuthorizationRequestRedirectFilter@786bec54, org.springframework.security.oauth2.client.web.OAuth2LoginAuthenticationFilter@70196f58, org.springframework.security.web.authentication.ui.DefaultLoginPageGeneratingFilter@41fe199a, org.springframework.security.web.authentication.ui.DefaultLogoutPageGeneratingFilter@14c2fa66, org.springframework.security.web.savedrequest.RequestCacheAwareFilter@62175a05, org.springframework.security.web.servletapi.SecurityContextHolderAwareRequestFilter@4816a446, org.springframework.security.web.authentication.AnonymousAuthenticationFilter@77e42a6b, org.springframework.security.oauth2.client.web.OAuth2AuthorizationCodeGrantFilter@c5747e5, org.springframework.security.web.session.SessionManagementFilter@3bf65485, org.springframework.security.web.access.ExceptionTranslationFilter@38602fc1, org.springframework.security.web.access.intercept.FilterSecurityInterceptor@34425c83]
2021-04-30 15:32:20.010  INFO 12012 --- [    Test worker] o.s.b.t.m.w.SpringBootMockServletContext : Initializing Spring TestDispatcherServlet ''
2021-04-30 15:32:20.010  INFO 12012 --- [    Test worker] o.s.t.web.servlet.TestDispatcherServlet  : Initializing Servlet ''
2021-04-30 15:32:20.011  INFO 12012 --- [    Test worker] o.s.t.web.servlet.TestDispatcherServlet  : Completed initialization in 1 ms
2021-04-30 15:32:20.032  INFO 12012 --- [    Test worker] c.n.book.web.HelloControllerTest         : Started HelloControllerTest in 1.226 seconds (JVM running for 11.832)
]]></system-out>
  <system-err><![CDATA[]]></system-err>
</testsuite>
