<?xml version="1.0" encoding="UTF-8"?>
<testsuite name="com.newproject.book.web.dto.HelloResponseDtoTest" tests="1" skipped="0" failures="0" errors="0" timestamp="2021-04-29T04:03:55" hostname="USER" time="0.004">
  <properties/>
  <testcase name="lombokTest" classname="com.newproject.book.web.dto.HelloResponseDtoTest" time="0.004"/>
  <system-out><![CDATA[]]></system-out>
  <system-err><![CDATA[]]></system-err>
</testsuite>
