<?xml version="1.0" encoding="UTF-8"?>
<testsuite name="com.newproject.book.web.PostsApiControllerTest" tests="2" skipped="0" failures="0" errors="0" timestamp="2021-04-30T06:41:41" hostname="USER" time="0.099">
  <properties/>
  <testcase name="modify()" classname="com.newproject.book.web.PostsApiControllerTest" time="0.081"/>
  <testcase name="posts()" classname="com.newproject.book.web.PostsApiControllerTest" time="0.017"/>
  <system-out><![CDATA[2021-04-30 15:41:41.102  INFO 9392 --- [    Test worker] .b.t.c.SpringBootTestContextBootstrapper : Neither @ContextConfiguration nor @ContextHierarchy found for test class [com.newproject.book.web.PostsApiControllerTest], using SpringBootContextLoader
2021-04-30 15:41:41.103  INFO 9392 --- [    Test worker] o.s.t.c.support.AbstractContextLoader    : Could not detect default resource locations for test class [com.newproject.book.web.PostsApiControllerTest]: no resource found for suffixes {-context.xml, Context.groovy}.
2021-04-30 15:41:41.103  INFO 9392 --- [    Test worker] t.c.s.AnnotationConfigContextLoaderUtils : Could not detect default configuration classes for test class [com.newproject.book.web.PostsApiControllerTest]: PostsApiControllerTest does not declare any static, non-private, non-final, nested classes annotated with @Configuration.
2021-04-30 15:41:41.105  INFO 9392 --- [    Test worker] .b.t.c.SpringBootTestContextBootstrapper : Found @SpringBootConfiguration com.newproject.book.Application for test class com.newproject.book.web.PostsApiControllerTest
2021-04-30 15:41:41.106  INFO 9392 --- [    Test worker] .b.t.c.SpringBootTestContextBootstrapper : Loaded default TestExecutionListener class names from location [META-INF/spring.factories]: [org.springframework.security.test.context.support.WithSecurityContextTestExecutionListener, org.springframework.security.test.context.support.ReactorContextTestExecutionListener, org.springframework.boot.test.autoconfigure.restdocs.RestDocsTestExecutionListener, org.springframework.boot.test.autoconfigure.web.client.MockRestServiceServerResetTestExecutionListener, org.springframework.boot.test.autoconfigure.web.servlet.MockMvcPrintOnlyOnFailureTestExecutionListener, org.springframework.boot.test.autoconfigure.web.servlet.WebDriverTestExecutionListener, org.springframework.boot.test.autoconfigure.webservices.client.MockWebServiceServerTestExecutionListener, org.springframework.boot.test.mock.mockito.MockitoTestExecutionListener, org.springframework.boot.test.mock.mockito.ResetMocksTestExecutionListener, org.springframework.test.context.web.ServletTestExecutionListener, org.springframework.test.context.support.DirtiesContextBeforeModesTestExecutionListener, org.springframework.test.context.support.DependencyInjectionTestExecutionListener, org.springframework.test.context.support.DirtiesContextTestExecutionListener, org.springframework.test.context.transaction.TransactionalTestExecutionListener, org.springframework.test.context.jdbc.SqlScriptsTestExecutionListener, org.springframework.test.context.event.EventPublishingTestExecutionListener]
2021-04-30 15:41:41.108  INFO 9392 --- [    Test worker] .b.t.c.SpringBootTestContextBootstrapper : Using TestExecutionListeners: [org.springframework.test.context.web.ServletTestExecutionListener@168018a8, org.springframework.test.context.support.DirtiesContextBeforeModesTestExecutionListener@6e316d32, org.springframework.boot.test.mock.mockito.MockitoTestExecutionListener@69555193, org.springframework.boot.test.autoconfigure.SpringBootDependencyInjectionTestExecutionListener@2dd28247, org.springframework.test.context.support.DirtiesContextTestExecutionListener@3b819a0d, org.springframework.test.context.transaction.TransactionalTestExecutionListener@5e3c38b2, org.springframework.test.context.jdbc.SqlScriptsTestExecutionListener@1d26332f, org.springframework.security.test.context.support.WithSecurityContextTestExecutionListener@245f4a76, org.springframework.test.context.event.EventPublishingTestExecutionListener@1339fd02, org.springframework.security.test.context.support.ReactorContextTestExecutionListener@2cffbe7f, org.springframework.boot.test.autoconfigure.restdocs.RestDocsTestExecutionListener@6c5f84, org.springframework.boot.test.autoconfigure.web.client.MockRestServiceServerResetTestExecutionListener@5e3eb905, org.springframework.boot.test.autoconfigure.web.servlet.MockMvcPrintOnlyOnFailureTestExecutionListener@2b39e2d, org.springframework.boot.test.autoconfigure.web.servlet.WebDriverTestExecutionListener@53eec442, org.springframework.boot.test.autoconfigure.webservices.client.MockWebServiceServerTestExecutionListener@319c31c4, org.springframework.boot.test.mock.mockito.ResetMocksTestExecutionListener@1a415063]
2021-04-30 15:41:41.119  INFO 9392 --- [    Test worker] o.a.c.c.C.[Tomcat].[localhost].[/]       : Initializing Spring TestDispatcherServlet ''
2021-04-30 15:41:41.119  INFO 9392 --- [    Test worker] o.s.t.web.servlet.TestDispatcherServlet  : Initializing Servlet ''
2021-04-30 15:41:41.120  INFO 9392 --- [    Test worker] o.s.t.web.servlet.TestDispatcherServlet  : Completed initialization in 1 ms
Hibernate: insert into posts (id, created_date, modified_date, author, content, title) values (null, ?, ?, ?, ?, ?)
Hibernate: select posts0_.id as id1_0_0_, posts0_.created_date as created_2_0_0_, posts0_.modified_date as modified3_0_0_, posts0_.author as author4_0_0_, posts0_.content as content5_0_0_, posts0_.title as title6_0_0_ from posts posts0_ where posts0_.id=?
Hibernate: update posts set created_date=?, modified_date=?, author=?, content=?, title=? where id=?
Hibernate: select posts0_.id as id1_0_, posts0_.created_date as created_2_0_, posts0_.modified_date as modified3_0_, posts0_.author as author4_0_, posts0_.content as content5_0_, posts0_.title as title6_0_ from posts posts0_
Hibernate: select posts0_.id as id1_0_, posts0_.created_date as created_2_0_, posts0_.modified_date as modified3_0_, posts0_.author as author4_0_, posts0_.content as content5_0_, posts0_.title as title6_0_ from posts posts0_
Hibernate: delete from posts where id=?
2021-04-30 15:41:41.194  INFO 9392 --- [    Test worker] o.a.c.c.C.[Tomcat].[localhost].[/]       : Initializing Spring TestDispatcherServlet ''
2021-04-30 15:41:41.194  INFO 9392 --- [    Test worker] o.s.t.web.servlet.TestDispatcherServlet  : Initializing Servlet ''
2021-04-30 15:41:41.195  INFO 9392 --- [    Test worker] o.s.t.web.servlet.TestDispatcherServlet  : Completed initialization in 1 ms
Hibernate: insert into posts (id, created_date, modified_date, author, content, title) values (null, ?, ?, ?, ?, ?)
Hibernate: select posts0_.id as id1_0_, posts0_.created_date as created_2_0_, posts0_.modified_date as modified3_0_, posts0_.author as author4_0_, posts0_.content as content5_0_, posts0_.title as title6_0_ from posts posts0_
Hibernate: select posts0_.id as id1_0_, posts0_.created_date as created_2_0_, posts0_.modified_date as modified3_0_, posts0_.author as author4_0_, posts0_.content as content5_0_, posts0_.title as title6_0_ from posts posts0_
Hibernate: delete from posts where id=?
]]></system-out>
  <system-err><![CDATA[]]></system-err>
</testsuite>
