<?xml version="1.0" encoding="UTF-8"?>
<testsuite name="com.newproject.book.web.HelloControllerTest" tests="2" skipped="0" failures="0" errors="0" timestamp="2021-04-29T04:03:48" hostname="USER" time="0.654">
  <properties/>
  <testcase name="sayhello" classname="com.newproject.book.web.HelloControllerTest" time="0.556"/>
  <testcase name="sayhelloDto" classname="com.newproject.book.web.HelloControllerTest" time="0.097"/>
  <system-out><![CDATA[13:03:44.854 [Test worker] DEBUG org.springframework.test.context.junit4.SpringJUnit4ClassRunner - SpringJUnit4ClassRunner constructor called with [class com.newproject.book.web.HelloControllerTest]
13:03:44.864 [Test worker] DEBUG org.springframework.test.context.BootstrapUtils - Instantiating CacheAwareContextLoaderDelegate from class [org.springframework.test.context.cache.DefaultCacheAwareContextLoaderDelegate]
13:03:44.875 [Test worker] DEBUG org.springframework.test.context.BootstrapUtils - Instantiating BootstrapContext using constructor [public org.springframework.test.context.support.DefaultBootstrapContext(java.lang.Class,org.springframework.test.context.CacheAwareContextLoaderDelegate)]
13:03:44.894 [Test worker] DEBUG org.springframework.test.context.BootstrapUtils - Instantiating TestContextBootstrapper for test class [com.newproject.book.web.HelloControllerTest] from class [org.springframework.boot.test.autoconfigure.web.servlet.WebMvcTestContextBootstrapper]
13:03:44.917 [Test worker] INFO org.springframework.boot.test.autoconfigure.web.servlet.WebMvcTestContextBootstrapper - Neither @ContextConfiguration nor @ContextHierarchy found for test class [com.newproject.book.web.HelloControllerTest], using SpringBootContextLoader
13:03:44.922 [Test worker] DEBUG org.springframework.test.context.support.AbstractContextLoader - Did not detect default resource location for test class [com.newproject.book.web.HelloControllerTest]: class path resource [com/newproject/book/web/HelloControllerTest-context.xml] does not exist
13:03:44.922 [Test worker] DEBUG org.springframework.test.context.support.AbstractContextLoader - Did not detect default resource location for test class [com.newproject.book.web.HelloControllerTest]: class path resource [com/newproject/book/web/HelloControllerTestContext.groovy] does not exist
13:03:44.923 [Test worker] INFO org.springframework.test.context.support.AbstractContextLoader - Could not detect default resource locations for test class [com.newproject.book.web.HelloControllerTest]: no resource found for suffixes {-context.xml, Context.groovy}.
13:03:44.924 [Test worker] INFO org.springframework.test.context.support.AnnotationConfigContextLoaderUtils - Could not detect default configuration classes for test class [com.newproject.book.web.HelloControllerTest]: HelloControllerTest does not declare any static, non-private, non-final, nested classes annotated with @Configuration.
13:03:45.018 [Test worker] DEBUG org.springframework.test.context.support.ActiveProfilesUtils - Could not find an 'annotation declaring class' for annotation type [org.springframework.test.context.ActiveProfiles] and class [com.newproject.book.web.HelloControllerTest]
13:03:45.120 [Test worker] DEBUG org.springframework.context.annotation.ClassPathScanningCandidateComponentProvider - Identified candidate component class: file [C:\Users\JY\IdeaProjects\newproject\build\classes\java\main\com\newproject\book\Application.class]
13:03:45.122 [Test worker] INFO org.springframework.boot.test.context.SpringBootTestContextBootstrapper - Found @SpringBootConfiguration com.newproject.book.Application for test class com.newproject.book.web.HelloControllerTest
13:03:45.125 [Test worker] DEBUG org.springframework.boot.test.autoconfigure.web.servlet.WebMvcTestContextBootstrapper - @TestExecutionListeners is not present for class [com.newproject.book.web.HelloControllerTest]: using defaults.
13:03:45.126 [Test worker] INFO org.springframework.boot.test.autoconfigure.web.servlet.WebMvcTestContextBootstrapper - Loaded default TestExecutionListener class names from location [META-INF/spring.factories]: [org.springframework.security.test.context.support.WithSecurityContextTestExecutionListener, org.springframework.security.test.context.support.ReactorContextTestExecutionListener, org.springframework.boot.test.autoconfigure.restdocs.RestDocsTestExecutionListener, org.springframework.boot.test.autoconfigure.web.client.MockRestServiceServerResetTestExecutionListener, org.springframework.boot.test.autoconfigure.web.servlet.MockMvcPrintOnlyOnFailureTestExecutionListener, org.springframework.boot.test.autoconfigure.web.servlet.WebDriverTestExecutionListener, org.springframework.boot.test.mock.mockito.MockitoTestExecutionListener, org.springframework.boot.test.mock.mockito.ResetMocksTestExecutionListener, org.springframework.test.context.web.ServletTestExecutionListener, org.springframework.test.context.support.DirtiesContextBeforeModesTestExecutionListener, org.springframework.test.context.support.DependencyInjectionTestExecutionListener, org.springframework.test.context.support.DirtiesContextTestExecutionListener, org.springframework.test.context.transaction.TransactionalTestExecutionListener, org.springframework.test.context.jdbc.SqlScriptsTestExecutionListener]
13:03:45.161 [Test worker] INFO org.springframework.boot.test.autoconfigure.web.servlet.WebMvcTestContextBootstrapper - Using TestExecutionListeners: [org.springframework.test.context.web.ServletTestExecutionListener@7b18969e, org.springframework.test.context.support.DirtiesContextBeforeModesTestExecutionListener@5293a972, org.springframework.boot.test.mock.mockito.MockitoTestExecutionListener@7a89e01f, org.springframework.boot.test.autoconfigure.SpringBootDependencyInjectionTestExecutionListener@31961469, org.springframework.test.context.support.DirtiesContextTestExecutionListener@e85d8a3, org.springframework.test.context.transaction.TransactionalTestExecutionListener@41922838, org.springframework.test.context.jdbc.SqlScriptsTestExecutionListener@74aeb10d, org.springframework.security.test.context.support.WithSecurityContextTestExecutionListener@751ac6ad, org.springframework.security.test.context.support.ReactorContextTestExecutionListener@55fa486d, org.springframework.boot.test.autoconfigure.restdocs.RestDocsTestExecutionListener@5f96902, org.springframework.boot.test.autoconfigure.web.client.MockRestServiceServerResetTestExecutionListener@45e9669, org.springframework.boot.test.autoconfigure.web.servlet.MockMvcPrintOnlyOnFailureTestExecutionListener@27d207e1, org.springframework.boot.test.autoconfigure.web.servlet.WebDriverTestExecutionListener@206c9a56, org.springframework.boot.test.mock.mockito.ResetMocksTestExecutionListener@6e135620]
13:03:45.165 [Test worker] DEBUG org.springframework.test.annotation.ProfileValueUtils - Retrieved @ProfileValueSourceConfiguration [null] for test class [com.newproject.book.web.HelloControllerTest]
13:03:45.165 [Test worker] DEBUG org.springframework.test.annotation.ProfileValueUtils - Retrieved ProfileValueSource type [class org.springframework.test.annotation.SystemProfileValueSource] for class [com.newproject.book.web.HelloControllerTest]
13:03:45.166 [Test worker] DEBUG org.springframework.test.annotation.ProfileValueUtils - Retrieved @ProfileValueSourceConfiguration [null] for test class [com.newproject.book.web.HelloControllerTest]
13:03:45.167 [Test worker] DEBUG org.springframework.test.annotation.ProfileValueUtils - Retrieved ProfileValueSource type [class org.springframework.test.annotation.SystemProfileValueSource] for class [com.newproject.book.web.HelloControllerTest]
13:03:45.175 [Test worker] DEBUG org.springframework.test.context.support.AbstractDirtiesContextTestExecutionListener - Before test class: context [DefaultTestContext@4f8f9196 testClass = HelloControllerTest, testInstance = [null], testMethod = [null], testException = [null], mergedContextConfiguration = [WebMergedContextConfiguration@776bb768 testClass = HelloControllerTest, locations = '{}', classes = '{class com.newproject.book.Application}', contextInitializerClasses = '[]', activeProfiles = '{}', propertySourceLocations = '{}', propertySourceProperties = '{org.springframework.boot.test.autoconfigure.web.servlet.WebMvcTestContextBootstrapper=true}', contextCustomizers = set[org.springframework.boot.test.autoconfigure.OverrideAutoConfigurationContextCustomizerFactory$DisableAutoConfigurationContextCustomizer@6cb2602c, org.springframework.boot.test.autoconfigure.filter.TypeExcludeFiltersContextCustomizer@532ef57e, org.springframework.boot.test.autoconfigure.properties.PropertyMappingContextCustomizer@b88c792f, org.springframework.boot.test.autoconfigure.web.servlet.WebDriverContextCustomizerFactory$Customizer@187ffacf, [ImportsContextCustomizer@43e50b15 key = [org.springframework.boot.autoconfigure.cache.CacheAutoConfiguration, org.springframework.boot.autoconfigure.context.MessageSourceAutoConfiguration, org.springframework.boot.autoconfigure.data.web.SpringDataWebAutoConfiguration, org.springframework.boot.autoconfigure.freemarker.FreeMarkerAutoConfiguration, org.springframework.boot.autoconfigure.groovy.template.GroovyTemplateAutoConfiguration, org.springframework.boot.autoconfigure.gson.GsonAutoConfiguration, org.springframework.boot.autoconfigure.hateoas.HypermediaAutoConfiguration, org.springframework.boot.autoconfigure.http.HttpMessageConvertersAutoConfiguration, org.springframework.boot.autoconfigure.jackson.JacksonAutoConfiguration, org.springframework.boot.autoconfigure.jsonb.JsonbAutoConfiguration, org.springframework.boot.autoconfigure.mustache.MustacheAutoConfiguration, org.springframework.boot.autoconfigure.task.TaskExecutionAutoConfiguration, org.springframework.boot.autoconfigure.thymeleaf.ThymeleafAutoConfiguration, org.springframework.boot.autoconfigure.validation.ValidationAutoConfiguration, org.springframework.boot.autoconfigure.web.servlet.error.ErrorMvcAutoConfiguration, org.springframework.boot.autoconfigure.web.servlet.WebMvcAutoConfiguration, org.springframework.boot.test.autoconfigure.web.servlet.MockMvcAutoConfiguration, org.springframework.boot.test.autoconfigure.web.servlet.MockMvcSecurityAutoConfiguration, org.springframework.boot.test.autoconfigure.web.servlet.MockMvcWebClientAutoConfiguration, org.springframework.boot.test.autoconfigure.web.servlet.MockMvcWebDriverAutoConfiguration]], org.springframework.boot.test.context.filter.ExcludeFilterContextCustomizer@1fc40b38, org.springframework.boot.test.json.DuplicateJsonObjectContextCustomizerFactory$DuplicateJsonObjectContextCustomizer@337858ee, org.springframework.boot.test.mock.mockito.MockitoContextCustomizer@0], resourceBasePath = 'src/main/webapp', contextLoader = 'org.springframework.boot.test.context.SpringBootContextLoader', parent = [null]], attributes = map[[empty]]], class annotated with @DirtiesContext [false] with mode [null].
13:03:45.177 [Test worker] DEBUG org.springframework.test.annotation.ProfileValueUtils - Retrieved @ProfileValueSourceConfiguration [null] for test class [com.newproject.book.web.HelloControllerTest]
13:03:45.177 [Test worker] DEBUG org.springframework.test.annotation.ProfileValueUtils - Retrieved ProfileValueSource type [class org.springframework.test.annotation.SystemProfileValueSource] for class [com.newproject.book.web.HelloControllerTest]
13:03:45.185 [Test worker] DEBUG org.springframework.test.context.support.DependencyInjectionTestExecutionListener - Performing dependency injection for test context [[DefaultTestContext@4f8f9196 testClass = HelloControllerTest, testInstance = com.newproject.book.web.HelloControllerTest@227bbf89, testMethod = [null], testException = [null], mergedContextConfiguration = [WebMergedContextConfiguration@776bb768 testClass = HelloControllerTest, locations = '{}', classes = '{class com.newproject.book.Application}', contextInitializerClasses = '[]', activeProfiles = '{}', propertySourceLocations = '{}', propertySourceProperties = '{org.springframework.boot.test.autoconfigure.web.servlet.WebMvcTestContextBootstrapper=true}', contextCustomizers = set[org.springframework.boot.test.autoconfigure.OverrideAutoConfigurationContextCustomizerFactory$DisableAutoConfigurationContextCustomizer@6cb2602c, org.springframework.boot.test.autoconfigure.filter.TypeExcludeFiltersContextCustomizer@532ef57e, org.springframework.boot.test.autoconfigure.properties.PropertyMappingContextCustomizer@b88c792f, org.springframework.boot.test.autoconfigure.web.servlet.WebDriverContextCustomizerFactory$Customizer@187ffacf, [ImportsContextCustomizer@43e50b15 key = [org.springframework.boot.autoconfigure.cache.CacheAutoConfiguration, org.springframework.boot.autoconfigure.context.MessageSourceAutoConfiguration, org.springframework.boot.autoconfigure.data.web.SpringDataWebAutoConfiguration, org.springframework.boot.autoconfigure.freemarker.FreeMarkerAutoConfiguration, org.springframework.boot.autoconfigure.groovy.template.GroovyTemplateAutoConfiguration, org.springframework.boot.autoconfigure.gson.GsonAutoConfiguration, org.springframework.boot.autoconfigure.hateoas.HypermediaAutoConfiguration, org.springframework.boot.autoconfigure.http.HttpMessageConvertersAutoConfiguration, org.springframework.boot.autoconfigure.jackson.JacksonAutoConfiguration, org.springframework.boot.autoconfigure.jsonb.JsonbAutoConfiguration, org.springframework.boot.autoconfigure.mustache.MustacheAutoConfiguration, org.springframework.boot.autoconfigure.task.TaskExecutionAutoConfiguration, org.springframework.boot.autoconfigure.thymeleaf.ThymeleafAutoConfiguration, org.springframework.boot.autoconfigure.validation.ValidationAutoConfiguration, org.springframework.boot.autoconfigure.web.servlet.error.ErrorMvcAutoConfiguration, org.springframework.boot.autoconfigure.web.servlet.WebMvcAutoConfiguration, org.springframework.boot.test.autoconfigure.web.servlet.MockMvcAutoConfiguration, org.springframework.boot.test.autoconfigure.web.servlet.MockMvcSecurityAutoConfiguration, org.springframework.boot.test.autoconfigure.web.servlet.MockMvcWebClientAutoConfiguration, org.springframework.boot.test.autoconfigure.web.servlet.MockMvcWebDriverAutoConfiguration]], org.springframework.boot.test.context.filter.ExcludeFilterContextCustomizer@1fc40b38, org.springframework.boot.test.json.DuplicateJsonObjectContextCustomizerFactory$DuplicateJsonObjectContextCustomizer@337858ee, org.springframework.boot.test.mock.mockito.MockitoContextCustomizer@0], resourceBasePath = 'src/main/webapp', contextLoader = 'org.springframework.boot.test.context.SpringBootContextLoader', parent = [null]], attributes = map[[empty]]]].
13:03:45.335 [Test worker] DEBUG org.springframework.test.context.support.TestPropertySourceUtils - Adding inlined properties to environment: {spring.jmx.enabled=false, org.springframework.boot.test.autoconfigure.web.servlet.WebMvcTestContextBootstrapper=true, server.port=-1}

  .   ____          _            __ _ _
 /\\ / ___'_ __ _ _(_)_ __  __ _ \ \ \ \
( ( )\___ | '_ | '_| | '_ \/ _` | \ \ \ \
 \\/  ___)| |_)| | | | | || (_| |  ) ) ) )
  '  |____| .__|_| |_|_| |_\__, | / / / /
 =========|_|==============|___/=/_/_/_/
 :: Spring Boot ::        (v2.1.7.RELEASE)

2021-04-29 13:03:45.767  INFO 7928 --- [    Test worker] c.n.book.web.HelloControllerTest         : Starting HelloControllerTest on user with PID 7928 (started by JY in C:\Users\JY\IdeaProjects\newproject)
2021-04-29 13:03:45.768  INFO 7928 --- [    Test worker] c.n.book.web.HelloControllerTest         : The following profiles are active: oauth
2021-04-29 13:03:47.484  INFO 7928 --- [    Test worker] o.s.s.concurrent.ThreadPoolTaskExecutor  : Initializing ExecutorService 'applicationTaskExecutor'
2021-04-29 13:03:47.627  INFO 7928 --- [    Test worker] o.s.b.a.w.s.WelcomePageHandlerMapping    : Adding welcome page template: index
2021-04-29 13:03:48.094  INFO 7928 --- [    Test worker] .s.s.UserDetailsServiceAutoConfiguration : 

Using generated security password: a83c90af-58e4-40af-a9fd-989389e29375

2021-04-29 13:03:48.420  INFO 7928 --- [    Test worker] o.s.s.web.DefaultSecurityFilterChain     : Creating filter chain: any request, [org.springframework.security.web.context.request.async.WebAsyncManagerIntegrationFilter@32cdcf2e, org.springframework.security.web.context.SecurityContextPersistenceFilter@12eb1975, org.springframework.security.web.header.HeaderWriterFilter@9ce049a, org.springframework.security.web.csrf.CsrfFilter@44a15b15, org.springframework.security.web.authentication.logout.LogoutFilter@6ec7b2c1, org.springframework.security.web.authentication.UsernamePasswordAuthenticationFilter@79354121, org.springframework.security.web.authentication.ui.DefaultLoginPageGeneratingFilter@41d2282, org.springframework.security.web.authentication.ui.DefaultLogoutPageGeneratingFilter@6c1e52e1, org.springframework.security.web.authentication.www.BasicAuthenticationFilter@4e19d996, org.springframework.security.web.savedrequest.RequestCacheAwareFilter@3a7dff20, org.springframework.security.web.servletapi.SecurityContextHolderAwareRequestFilter@77e95ae4, org.springframework.security.web.authentication.AnonymousAuthenticationFilter@1fc40ea2, org.springframework.security.web.session.SessionManagementFilter@62a38ee, org.springframework.security.web.access.ExceptionTranslationFilter@2fcdfb4b, org.springframework.security.web.access.intercept.FilterSecurityInterceptor@1cf42488]
2021-04-29 13:03:48.490  INFO 7928 --- [    Test worker] o.s.b.t.m.w.SpringBootMockServletContext : Initializing Spring TestDispatcherServlet ''
2021-04-29 13:03:48.490  INFO 7928 --- [    Test worker] o.s.t.web.servlet.TestDispatcherServlet  : Initializing Servlet ''
2021-04-29 13:03:48.513  INFO 7928 --- [    Test worker] o.s.t.web.servlet.TestDispatcherServlet  : Completed initialization in 23 ms
2021-04-29 13:03:48.585  INFO 7928 --- [    Test worker] c.n.book.web.HelloControllerTest         : Started HelloControllerTest in 3.237 seconds (JVM running for 4.806)
]]></system-out>
  <system-err><![CDATA[]]></system-err>
</testsuite>
